<?xml version="1.0" encoding="UTF-8"?>
<testsuite xmlns:xsi="http://www.w3.org/2001/XMLSchema-instance" xsi:noNamespaceSchemaLocation="https://maven.apache.org/surefire/maven-surefire-plugin/xsd/surefire-test-report-3.0.xsd" version="3.0" name="com.example.ComputerStore.ComputerStoreApplicationTests" time="7.081" tests="1" errors="0" skipped="0" failures="0">
  <properties>
[...]
</properties>
  <testcase name="contextLoads" classname="com.example.ComputerStore.ComputerStoreApplicationTests" time="1.477">
    <system-out><![CDATA[16:12:40.546 [main] INFO org.springframework.test.context.support.AnnotationConfigContextLoaderUtils -- Could not detect default configuration classes for test class [com.example.ComputerStore.ComputerStoreApplicationTests]: ComputerStoreApplicationTests does not declare any static, non-private, non-final, nested classes annotated with @Configuration.
16:12:40.688 [main] INFO org.springframework.boot.test.context.SpringBootTestContextBootstrapper -- Found @SpringBootConfiguration com.example.ComputerStore.ComputerStoreApplication for test class com.example.ComputerStore.ComputerStoreApplicationTests

  .   ____          _            __ _ _
 /\\ / ___'_ __ _ _(_)_ __  __ _ \ \ \ \
( ( )\___ | '_ | '_| | '_ \/ _` | \ \ \ \
 \\/  ___)| |_)| | | | | || (_| |  ) ) ) )
  '  |____| .__|_| |_|_| |_\__, | / / / /
 =========|_|==============|___/=/_/_/_/
 :: Spring Boot ::                (v3.1.0)

2023-06-08T16:12:41.398+03:00  INFO 25412 --- [           main] c.e.C.ComputerStoreApplicationTests      : Starting ComputerStoreApplicationTests using Java 20.0.1 with PID 25412 (started by user in F:\POLITECH\6_sem\крос-платформенне\CourseWork)
2023-06-08T16:12:41.401+03:00  INFO 25412 --- [           main] c.e.C.ComputerStoreApplicationTests      : No active profile set, falling back to 1 default profile: "default"
2023-06-08T16:12:42.509+03:00  INFO 25412 --- [           main] .s.d.r.c.RepositoryConfigurationDelegate : Bootstrapping Spring Data Reactive MongoDB repositories in DEFAULT mode.
2023-06-08T16:12:42.682+03:00  INFO 25412 --- [           main] .s.d.r.c.RepositoryConfigurationDelegate : Finished Spring Data repository scanning in 167 ms. Found 0 Reactive MongoDB repository interfaces.
2023-06-08T16:12:42.697+03:00  INFO 25412 --- [           main] .s.d.r.c.RepositoryConfigurationDelegate : Bootstrapping Spring Data MongoDB repositories in DEFAULT mode.
2023-06-08T16:12:42.726+03:00  INFO 25412 --- [           main] .s.d.r.c.RepositoryConfigurationDelegate : Finished Spring Data repository scanning in 28 ms. Found 1 MongoDB repository interfaces.
2023-06-08T16:12:43.276+03:00  INFO 25412 --- [hi2.mongodb.net] org.mongodb.driver.cluster               : Adding discovered server ac-tpepkot-shard-00-01.kyvrhi2.mongodb.net:27017 to client view of cluster
2023-06-08T16:12:43.306+03:00  INFO 25412 --- [           main] org.mongodb.driver.client                : MongoClient with metadata {"driver": {"name": "mongo-java-driver|sync|spring-boot", "version": "4.9.1"}, "os": {"type": "Windows", "name": "Windows 10", "architecture": "amd64", "version": "10.0"}, "platform": "Java/Oracle Corporation/20.0.1+9-29"} created with settings MongoClientSettings{readPreference=primary, writeConcern=WriteConcern{w=majority, wTimeout=null ms, journal=null}, retryWrites=true, retryReads=true, readConcern=ReadConcern{level=null}, credential=MongoCredential{mechanism=null, userName='nazarii', source='admin', password=<hidden>, mechanismProperties=<hidden>}, streamFactoryFactory=null, commandListeners=[], codecRegistry=ProvidersCodecRegistry{codecProviders=[ValueCodecProvider{}, BsonValueCodecProvider{}, DBRefCodecProvider{}, DBObjectCodecProvider{}, DocumentCodecProvider{}, CollectionCodecProvider{}, IterableCodecProvider{}, MapCodecProvider{}, GeoJsonCodecProvider{}, GridFSFileCodecProvider{}, Jsr310CodecProvider{}, JsonObjectCodecProvider{}, BsonCodecProvider{}, EnumCodecProvider{}, com.mongodb.client.model.mql.ExpressionCodecProvider@21bd128b, com.mongodb.Jep395RecordCodecProvider@2d0b05]}, loggerSettings=LoggerSettings{maxDocumentLength=1000}, clusterSettings={hosts=[127.0.0.1:27017], srvHost=cluster0.kyvrhi2.mongodb.net, srvServiceName=mongodb, mode=MULTIPLE, requiredClusterType=REPLICA_SET, requiredReplicaSetName='atlas-awoce2-shard-0', serverSelector='null', clusterListeners='[]', serverSelectionTimeout='30000 ms', localThreshold='30000 ms'}, socketSettings=SocketSettings{connectTimeoutMS=10000, readTimeoutMS=0, receiveBufferSize=0, sendBufferSize=0}, heartbeatSocketSettings=SocketSettings{connectTimeoutMS=10000, readTimeoutMS=10000, receiveBufferSize=0, sendBufferSize=0}, connectionPoolSettings=ConnectionPoolSettings{maxSize=100, minSize=0, maxWaitTimeMS=120000, maxConnectionLifeTimeMS=0, maxConnectionIdleTimeMS=0, maintenanceInitialDelayMS=0, maintenanceFrequencyMS=60000, connectionPoolListeners=[], maxConnecting=2}, serverSettings=ServerSettings{heartbeatFrequencyMS=10000, minHeartbeatFrequencyMS=500, serverListeners='[]', serverMonitorListeners='[]'}, sslSettings=SslSettings{enabled=true, invalidHostNameAllowed=false, context=null}, applicationName='null', compressorList=[], uuidRepresentation=JAVA_LEGACY, serverApi=null, autoEncryptionSettings=null, contextProvider=null}
2023-06-08T16:12:43.312+03:00  INFO 25412 --- [hi2.mongodb.net] org.mongodb.driver.cluster               : Adding discovered server ac-tpepkot-shard-00-00.kyvrhi2.mongodb.net:27017 to client view of cluster
2023-06-08T16:12:43.313+03:00  INFO 25412 --- [hi2.mongodb.net] org.mongodb.driver.cluster               : Adding discovered server ac-tpepkot-shard-00-02.kyvrhi2.mongodb.net:27017 to client view of cluster
2023-06-08T16:12:44.322+03:00  INFO 25412 --- [ngodb.net:27017] org.mongodb.driver.cluster               : Monitor thread successfully connected to server with description ServerDescription{address=ac-tpepkot-shard-00-02.kyvrhi2.mongodb.net:27017, type=REPLICA_SET_SECONDARY, state=CONNECTED, ok=true, minWireVersion=0, maxWireVersion=17, maxDocumentSize=16777216, logicalSessionTimeoutMinutes=30, roundTripTimeNanos=660432701, setName='atlas-awoce2-shard-0', canonicalAddress=ac-tpepkot-shard-00-02.kyvrhi2.mongodb.net:27017, hosts=[ac-tpepkot-shard-00-02.kyvrhi2.mongodb.net:27017, ac-tpepkot-shard-00-00.kyvrhi2.mongodb.net:27017, ac-tpepkot-shard-00-01.kyvrhi2.mongodb.net:27017], passives=[], arbiters=[], primary='ac-tpepkot-shard-00-01.kyvrhi2.mongodb.net:27017', tagSet=TagSet{[Tag{name='nodeType', value='ELECTABLE'}, Tag{name='provider', value='AWS'}, Tag{name='region', value='US_EAST_1'}, Tag{name='workloadType', value='OPERATIONAL'}]}, electionId=null, setVersion=7, topologyVersion=TopologyVersion{processId=6479e22343b05e7ed40c835e, counter=3}, lastWriteDate=Thu Jun 08 16:12:44 EEST 2023, lastUpdateTimeNanos=138823320860800}
2023-06-08T16:12:44.326+03:00  INFO 25412 --- [ngodb.net:27017] org.mongodb.driver.cluster               : Monitor thread successfully connected to server with description ServerDescription{address=ac-tpepkot-shard-00-01.kyvrhi2.mongodb.net:27017, type=REPLICA_SET_PRIMARY, state=CONNECTED, ok=true, minWireVersion=0, maxWireVersion=17, maxDocumentSize=16777216, logicalSessionTimeoutMinutes=30, roundTripTimeNanos=684709900, setName='atlas-awoce2-shard-0', canonicalAddress=ac-tpepkot-shard-00-01.kyvrhi2.mongodb.net:27017, hosts=[ac-tpepkot-shard-00-02.kyvrhi2.mongodb.net:27017, ac-tpepkot-shard-00-00.kyvrhi2.mongodb.net:27017, ac-tpepkot-shard-00-01.kyvrhi2.mongodb.net:27017], passives=[], arbiters=[], primary='ac-tpepkot-shard-00-01.kyvrhi2.mongodb.net:27017', tagSet=TagSet{[Tag{name='nodeType', value='ELECTABLE'}, Tag{name='provider', value='AWS'}, Tag{name='region', value='US_EAST_1'}, Tag{name='workloadType', value='OPERATIONAL'}]}, electionId=7fffffff0000000000000090, setVersion=7, topologyVersion=TopologyVersion{processId=6479e1320d250c54d671bbf6, counter=6}, lastWriteDate=Thu Jun 08 16:12:44 EEST 2023, lastUpdateTimeNanos=138823323310100}
2023-06-08T16:12:44.346+03:00  INFO 25412 --- [ngodb.net:27017] org.mongodb.driver.cluster               : Discovered replica set primary ac-tpepkot-shard-00-01.kyvrhi2.mongodb.net:27017 with max election id 7fffffff0000000000000090 and max set version 7
2023-06-08T16:12:44.552+03:00  INFO 25412 --- [ngodb.net:27017] org.mongodb.driver.cluster               : Monitor thread successfully connected to server with description ServerDescription{address=ac-tpepkot-shard-00-00.kyvrhi2.mongodb.net:27017, type=REPLICA_SET_SECONDARY, state=CONNECTED, ok=true, minWireVersion=0, maxWireVersion=17, maxDocumentSize=16777216, logicalSessionTimeoutMinutes=30, roundTripTimeNanos=913198200, setName='atlas-awoce2-shard-0', canonicalAddress=ac-tpepkot-shard-00-00.kyvrhi2.mongodb.net:27017, hosts=[ac-tpepkot-shard-00-02.kyvrhi2.mongodb.net:27017, ac-tpepkot-shard-00-00.kyvrhi2.mongodb.net:27017, ac-tpepkot-shard-00-01.kyvrhi2.mongodb.net:27017], passives=[], arbiters=[], primary='ac-tpepkot-shard-00-01.kyvrhi2.mongodb.net:27017', tagSet=TagSet{[Tag{name='nodeType', value='ELECTABLE'}, Tag{name='provider', value='AWS'}, Tag{name='region', value='US_EAST_1'}, Tag{name='workloadType', value='OPERATIONAL'}]}, electionId=null, setVersion=7, topologyVersion=TopologyVersion{processId=6479e031678b04e01f3deda5, counter=4}, lastWriteDate=Thu Jun 08 16:12:45 EEST 2023, lastUpdateTimeNanos=138823573690099}
2023-06-08T16:12:44.930+03:00  INFO 25412 --- [           main] o.s.b.a.w.s.WelcomePageHandlerMapping    : Adding welcome page template: index
2023-06-08T16:12:45.302+03:00  INFO 25412 --- [           main] org.mongodb.driver.client                : MongoClient with metadata {"driver": {"name": "mongo-java-driver|reactive-streams|spring-boot", "version": "4.9.1"}, "os": {"type": "Windows", "name": "Windows 10", "architecture": "amd64", "version": "10.0"}, "platform": "Java/Oracle Corporation/20.0.1+9-29"} created with settings MongoClientSettings{readPreference=primary, writeConcern=WriteConcern{w=majority, wTimeout=null ms, journal=null}, retryWrites=true, retryReads=true, readConcern=ReadConcern{level=null}, credential=MongoCredential{mechanism=null, userName='nazarii', source='admin', password=<hidden>, mechanismProperties=<hidden>}, streamFactoryFactory=null, commandListeners=[], codecRegistry=ProvidersCodecRegistry{codecProviders=[ValueCodecProvider{}, BsonValueCodecProvider{}, DBRefCodecProvider{}, DBObjectCodecProvider{}, DocumentCodecProvider{}, CollectionCodecProvider{}, IterableCodecProvider{}, MapCodecProvider{}, GeoJsonCodecProvider{}, GridFSFileCodecProvider{}, Jsr310CodecProvider{}, JsonObjectCodecProvider{}, BsonCodecProvider{}, EnumCodecProvider{}, com.mongodb.client.model.mql.ExpressionCodecProvider@21bd128b, com.mongodb.Jep395RecordCodecProvider@2d0b05]}, loggerSettings=LoggerSettings{maxDocumentLength=1000}, clusterSettings={hosts=[127.0.0.1:27017], srvHost=cluster0.kyvrhi2.mongodb.net, srvServiceName=mongodb, mode=MULTIPLE, requiredClusterType=REPLICA_SET, requiredReplicaSetName='atlas-awoce2-shard-0', serverSelector='null', clusterListeners='[]', serverSelectionTimeout='30000 ms', localThreshold='30000 ms'}, socketSettings=SocketSettings{connectTimeoutMS=10000, readTimeoutMS=0, receiveBufferSize=0, sendBufferSize=0}, heartbeatSocketSettings=SocketSettings{connectTimeoutMS=10000, readTimeoutMS=10000, receiveBufferSize=0, sendBufferSize=0}, connectionPoolSettings=ConnectionPoolSettings{maxSize=100, minSize=0, maxWaitTimeMS=120000, maxConnectionLifeTimeMS=0, maxConnectionIdleTimeMS=0, maintenanceInitialDelayMS=0, maintenanceFrequencyMS=60000, connectionPoolListeners=[], maxConnecting=2}, serverSettings=ServerSettings{heartbeatFrequencyMS=10000, minHeartbeatFrequencyMS=500, serverListeners='[]', serverMonitorListeners='[]'}, sslSettings=SslSettings{enabled=true, invalidHostNameAllowed=false, context=null}, applicationName='null', compressorList=[], uuidRepresentation=JAVA_LEGACY, serverApi=null, autoEncryptionSettings=null, contextProvider=null}
2023-06-08T16:12:45.492+03:00  INFO 25412 --- [hi2.mongodb.net] org.mongodb.driver.cluster               : Adding discovered server ac-tpepkot-shard-00-01.kyvrhi2.mongodb.net:27017 to client view of cluster
2023-06-08T16:12:45.495+03:00  INFO 25412 --- [hi2.mongodb.net] org.mongodb.driver.cluster               : Adding discovered server ac-tpepkot-shard-00-00.kyvrhi2.mongodb.net:27017 to client view of cluster
2023-06-08T16:12:45.498+03:00  INFO 25412 --- [hi2.mongodb.net] org.mongodb.driver.cluster               : Adding discovered server ac-tpepkot-shard-00-02.kyvrhi2.mongodb.net:27017 to client view of cluster
2023-06-08T16:12:45.775+03:00  INFO 25412 --- [           main] c.e.C.ComputerStoreApplicationTests      : Started ComputerStoreApplicationTests in 4.811 seconds (process running for 6.479)
2023-06-08T16:12:46.339+03:00  INFO 25412 --- [ngodb.net:27017] org.mongodb.driver.cluster               : Monitor thread successfully connected to server with description ServerDescription{address=ac-tpepkot-shard-00-01.kyvrhi2.mongodb.net:27017, type=REPLICA_SET_PRIMARY, state=CONNECTED, ok=true, minWireVersion=0, maxWireVersion=17, maxDocumentSize=16777216, logicalSessionTimeoutMinutes=30, roundTripTimeNanos=609033001, setName='atlas-awoce2-shard-0', canonicalAddress=ac-tpepkot-shard-00-01.kyvrhi2.mongodb.net:27017, hosts=[ac-tpepkot-shard-00-02.kyvrhi2.mongodb.net:27017, ac-tpepkot-shard-00-00.kyvrhi2.mongodb.net:27017, ac-tpepkot-shard-00-01.kyvrhi2.mongodb.net:27017], passives=[], arbiters=[], primary='ac-tpepkot-shard-00-01.kyvrhi2.mongodb.net:27017', tagSet=TagSet{[Tag{name='nodeType', value='ELECTABLE'}, Tag{name='provider', value='AWS'}, Tag{name='region', value='US_EAST_1'}, Tag{name='workloadType', value='OPERATIONAL'}]}, electionId=7fffffff0000000000000090, setVersion=7, topologyVersion=TopologyVersion{processId=6479e1320d250c54d671bbf6, counter=6}, lastWriteDate=Thu Jun 08 16:12:47 EEST 2023, lastUpdateTimeNanos=138825360869600}
2023-06-08T16:12:46.340+03:00  INFO 25412 --- [ngodb.net:27017] org.mongodb.driver.cluster               : Discovered replica set primary ac-tpepkot-shard-00-01.kyvrhi2.mongodb.net:27017 with max election id 7fffffff0000000000000090 and max set version 7
2023-06-08T16:12:46.340+03:00  INFO 25412 --- [ngodb.net:27017] org.mongodb.driver.cluster               : Monitor thread successfully connected to server with description ServerDescription{address=ac-tpepkot-shard-00-00.kyvrhi2.mongodb.net:27017, type=REPLICA_SET_SECONDARY, state=CONNECTED, ok=true, minWireVersion=0, maxWireVersion=17, maxDocumentSize=16777216, logicalSessionTimeoutMinutes=30, roundTripTimeNanos=606090000, setName='atlas-awoce2-shard-0', canonicalAddress=ac-tpepkot-shard-00-00.kyvrhi2.mongodb.net:27017, hosts=[ac-tpepkot-shard-00-02.kyvrhi2.mongodb.net:27017, ac-tpepkot-shard-00-00.kyvrhi2.mongodb.net:27017, ac-tpepkot-shard-00-01.kyvrhi2.mongodb.net:27017], passives=[], arbiters=[], primary='ac-tpepkot-shard-00-01.kyvrhi2.mongodb.net:27017', tagSet=TagSet{[Tag{name='nodeType', value='ELECTABLE'}, Tag{name='provider', value='AWS'}, Tag{name='region', value='US_EAST_1'}, Tag{name='workloadType', value='OPERATIONAL'}]}, electionId=null, setVersion=7, topologyVersion=TopologyVersion{processId=6479e031678b04e01f3deda5, counter=4}, lastWriteDate=Thu Jun 08 16:12:47 EEST 2023, lastUpdateTimeNanos=138825361578999}
2023-06-08T16:12:46.340+03:00  INFO 25412 --- [ngodb.net:27017] org.mongodb.driver.cluster               : Monitor thread successfully connected to server with description ServerDescription{address=ac-tpepkot-shard-00-02.kyvrhi2.mongodb.net:27017, type=REPLICA_SET_SECONDARY, state=CONNECTED, ok=true, minWireVersion=0, maxWireVersion=17, maxDocumentSize=16777216, logicalSessionTimeoutMinutes=30, roundTripTimeNanos=457611900, setName='atlas-awoce2-shard-0', canonicalAddress=ac-tpepkot-shard-00-02.kyvrhi2.mongodb.net:27017, hosts=[ac-tpepkot-shard-00-02.kyvrhi2.mongodb.net:27017, ac-tpepkot-shard-00-00.kyvrhi2.mongodb.net:27017, ac-tpepkot-shard-00-01.kyvrhi2.mongodb.net:27017], passives=[], arbiters=[], primary='ac-tpepkot-shard-00-01.kyvrhi2.mongodb.net:27017', tagSet=TagSet{[Tag{name='nodeType', value='ELECTABLE'}, Tag{name='provider', value='AWS'}, Tag{name='region', value='US_EAST_1'}, Tag{name='workloadType', value='OPERATIONAL'}]}, electionId=null, setVersion=7, topologyVersion=TopologyVersion{processId=6479e22343b05e7ed40c835e, counter=3}, lastWriteDate=Thu Jun 08 16:12:47 EEST 2023, lastUpdateTimeNanos=138825361508000}
]]></system-out>
  </testcase>
</testsuite>