<?xml version="1.0" encoding="UTF-8"?>
<testsuite xmlns:xsi="http://www.w3.org/2001/XMLSchema-instance" xsi:noNamespaceSchemaLocation="https://maven.apache.org/surefire/maven-surefire-plugin/xsd/surefire-test-report-3.0.xsd" version="3.0" name="com.example.ComputerStore.ComputerStoreApplicationTests" time="3.751" tests="1" errors="0" skipped="0" failures="0">
  <properties>
[...]
</properties>
  <testcase name="contextLoads" classname="com.example.ComputerStore.ComputerStoreApplicationTests" time="0.858">
    <system-out><![CDATA[18:16:37.843 [main] INFO org.springframework.test.context.support.AnnotationConfigContextLoaderUtils -- Could not detect default configuration classes for test class [com.example.ComputerStore.ComputerStoreApplicationTests]: ComputerStoreApplicationTests does not declare any static, non-private, non-final, nested classes annotated with @Configuration.
18:16:37.958 [main] INFO org.springframework.boot.test.context.SpringBootTestContextBootstrapper -- Found @SpringBootConfiguration com.example.ComputerStore.ComputerStoreApplication for test class com.example.ComputerStore.ComputerStoreApplicationTests

  .   ____          _            __ _ _
 /\\ / ___'_ __ _ _(_)_ __  __ _ \ \ \ \
( ( )\___ | '_ | '_| | '_ \/ _` | \ \ \ \
 \\/  ___)| |_)| | | | | || (_| |  ) ) ) )
  '  |____| .__|_| |_|_| |_\__, | / / / /
 =========|_|==============|___/=/_/_/_/
 :: Spring Boot ::                (v3.1.0)

2023-06-06T18:16:38.370+03:00  INFO 11284 --- [           main] c.e.C.ComputerStoreApplicationTests      : Starting ComputerStoreApplicationTests using Java 20.0.1 with PID 11284 (started by user in F:\POLITECH\6_sem\крос-платформенне\CourseWork)
2023-06-06T18:16:38.371+03:00  INFO 11284 --- [           main] c.e.C.ComputerStoreApplicationTests      : No active profile set, falling back to 1 default profile: "default"
2023-06-06T18:16:38.991+03:00  INFO 11284 --- [           main] .s.d.r.c.RepositoryConfigurationDelegate : Bootstrapping Spring Data Reactive MongoDB repositories in DEFAULT mode.
2023-06-06T18:16:39.097+03:00  INFO 11284 --- [           main] .s.d.r.c.RepositoryConfigurationDelegate : Finished Spring Data repository scanning in 101 ms. Found 0 Reactive MongoDB repository interfaces.
2023-06-06T18:16:39.107+03:00  INFO 11284 --- [           main] .s.d.r.c.RepositoryConfigurationDelegate : Bootstrapping Spring Data MongoDB repositories in DEFAULT mode.
2023-06-06T18:16:39.127+03:00  INFO 11284 --- [           main] .s.d.r.c.RepositoryConfigurationDelegate : Finished Spring Data repository scanning in 19 ms. Found 1 MongoDB repository interfaces.
2023-06-06T18:16:39.621+03:00  INFO 11284 --- [           main] org.mongodb.driver.client                : MongoClient with metadata {"driver": {"name": "mongo-java-driver|sync|spring-boot", "version": "4.9.1"}, "os": {"type": "Windows", "name": "Windows 10", "architecture": "amd64", "version": "10.0"}, "platform": "Java/Oracle Corporation/20.0.1+9-29"} created with settings MongoClientSettings{readPreference=primary, writeConcern=WriteConcern{w=majority, wTimeout=null ms, journal=null}, retryWrites=true, retryReads=true, readConcern=ReadConcern{level=null}, credential=MongoCredential{mechanism=null, userName='nazarii', source='admin', password=<hidden>, mechanismProperties=<hidden>}, streamFactoryFactory=null, commandListeners=[], codecRegistry=ProvidersCodecRegistry{codecProviders=[ValueCodecProvider{}, BsonValueCodecProvider{}, DBRefCodecProvider{}, DBObjectCodecProvider{}, DocumentCodecProvider{}, CollectionCodecProvider{}, IterableCodecProvider{}, MapCodecProvider{}, GeoJsonCodecProvider{}, GridFSFileCodecProvider{}, Jsr310CodecProvider{}, JsonObjectCodecProvider{}, BsonCodecProvider{}, EnumCodecProvider{}, com.mongodb.client.model.mql.ExpressionCodecProvider@57e388c3, com.mongodb.Jep395RecordCodecProvider@20580d4e]}, loggerSettings=LoggerSettings{maxDocumentLength=1000}, clusterSettings={hosts=[127.0.0.1:27017], srvHost=cluster0.kyvrhi2.mongodb.net, srvServiceName=mongodb, mode=MULTIPLE, requiredClusterType=REPLICA_SET, requiredReplicaSetName='atlas-awoce2-shard-0', serverSelector='null', clusterListeners='[]', serverSelectionTimeout='30000 ms', localThreshold='30000 ms'}, socketSettings=SocketSettings{connectTimeoutMS=10000, readTimeoutMS=0, receiveBufferSize=0, sendBufferSize=0}, heartbeatSocketSettings=SocketSettings{connectTimeoutMS=10000, readTimeoutMS=10000, receiveBufferSize=0, sendBufferSize=0}, connectionPoolSettings=ConnectionPoolSettings{maxSize=100, minSize=0, maxWaitTimeMS=120000, maxConnectionLifeTimeMS=0, maxConnectionIdleTimeMS=0, maintenanceInitialDelayMS=0, maintenanceFrequencyMS=60000, connectionPoolListeners=[], maxConnecting=2}, serverSettings=ServerSettings{heartbeatFrequencyMS=10000, minHeartbeatFrequencyMS=500, serverListeners='[]', serverMonitorListeners='[]'}, sslSettings=SslSettings{enabled=true, invalidHostNameAllowed=false, context=null}, applicationName='null', compressorList=[], uuidRepresentation=JAVA_LEGACY, serverApi=null, autoEncryptionSettings=null, contextProvider=null}
2023-06-06T18:16:39.651+03:00  INFO 11284 --- [hi2.mongodb.net] org.mongodb.driver.cluster               : Adding discovered server ac-tpepkot-shard-00-01.kyvrhi2.mongodb.net:27017 to client view of cluster
2023-06-06T18:16:39.677+03:00  INFO 11284 --- [hi2.mongodb.net] org.mongodb.driver.cluster               : Adding discovered server ac-tpepkot-shard-00-00.kyvrhi2.mongodb.net:27017 to client view of cluster
2023-06-06T18:16:39.678+03:00  INFO 11284 --- [hi2.mongodb.net] org.mongodb.driver.cluster               : Adding discovered server ac-tpepkot-shard-00-02.kyvrhi2.mongodb.net:27017 to client view of cluster
2023-06-06T18:16:40.221+03:00  INFO 11284 --- [           main] o.s.b.a.w.s.WelcomePageHandlerMapping    : Adding welcome page template: index
2023-06-06T18:16:40.444+03:00  INFO 11284 --- [hi2.mongodb.net] org.mongodb.driver.cluster               : Adding discovered server ac-tpepkot-shard-00-01.kyvrhi2.mongodb.net:27017 to client view of cluster
2023-06-06T18:16:40.446+03:00  INFO 11284 --- [hi2.mongodb.net] org.mongodb.driver.cluster               : Adding discovered server ac-tpepkot-shard-00-00.kyvrhi2.mongodb.net:27017 to client view of cluster
2023-06-06T18:16:40.448+03:00  INFO 11284 --- [hi2.mongodb.net] org.mongodb.driver.cluster               : Adding discovered server ac-tpepkot-shard-00-02.kyvrhi2.mongodb.net:27017 to client view of cluster
2023-06-06T18:16:40.455+03:00  INFO 11284 --- [           main] org.mongodb.driver.client                : MongoClient with metadata {"driver": {"name": "mongo-java-driver|reactive-streams|spring-boot", "version": "4.9.1"}, "os": {"type": "Windows", "name": "Windows 10", "architecture": "amd64", "version": "10.0"}, "platform": "Java/Oracle Corporation/20.0.1+9-29"} created with settings MongoClientSettings{readPreference=primary, writeConcern=WriteConcern{w=majority, wTimeout=null ms, journal=null}, retryWrites=true, retryReads=true, readConcern=ReadConcern{level=null}, credential=MongoCredential{mechanism=null, userName='nazarii', source='admin', password=<hidden>, mechanismProperties=<hidden>}, streamFactoryFactory=null, commandListeners=[], codecRegistry=ProvidersCodecRegistry{codecProviders=[ValueCodecProvider{}, BsonValueCodecProvider{}, DBRefCodecProvider{}, DBObjectCodecProvider{}, DocumentCodecProvider{}, CollectionCodecProvider{}, IterableCodecProvider{}, MapCodecProvider{}, GeoJsonCodecProvider{}, GridFSFileCodecProvider{}, Jsr310CodecProvider{}, JsonObjectCodecProvider{}, BsonCodecProvider{}, EnumCodecProvider{}, com.mongodb.client.model.mql.ExpressionCodecProvider@57e388c3, com.mongodb.Jep395RecordCodecProvider@20580d4e]}, loggerSettings=LoggerSettings{maxDocumentLength=1000}, clusterSettings={hosts=[127.0.0.1:27017], srvHost=cluster0.kyvrhi2.mongodb.net, srvServiceName=mongodb, mode=MULTIPLE, requiredClusterType=REPLICA_SET, requiredReplicaSetName='atlas-awoce2-shard-0', serverSelector='null', clusterListeners='[]', serverSelectionTimeout='30000 ms', localThreshold='30000 ms'}, socketSettings=SocketSettings{connectTimeoutMS=10000, readTimeoutMS=0, receiveBufferSize=0, sendBufferSize=0}, heartbeatSocketSettings=SocketSettings{connectTimeoutMS=10000, readTimeoutMS=10000, receiveBufferSize=0, sendBufferSize=0}, connectionPoolSettings=ConnectionPoolSettings{maxSize=100, minSize=0, maxWaitTimeMS=120000, maxConnectionLifeTimeMS=0, maxConnectionIdleTimeMS=0, maintenanceInitialDelayMS=0, maintenanceFrequencyMS=60000, connectionPoolListeners=[], maxConnecting=2}, serverSettings=ServerSettings{heartbeatFrequencyMS=10000, minHeartbeatFrequencyMS=500, serverListeners='[]', serverMonitorListeners='[]'}, sslSettings=SslSettings{enabled=true, invalidHostNameAllowed=false, context=null}, applicationName='null', compressorList=[], uuidRepresentation=JAVA_LEGACY, serverApi=null, autoEncryptionSettings=null, contextProvider=null}
2023-06-06T18:16:40.522+03:00  INFO 11284 --- [           main] c.e.C.ComputerStoreApplicationTests      : Started ComputerStoreApplicationTests in 2.43 seconds (process running for 3.617)
2023-06-06T18:16:40.565+03:00  INFO 11284 --- [ngodb.net:27017] org.mongodb.driver.cluster               : Monitor thread successfully connected to server with description ServerDescription{address=ac-tpepkot-shard-00-01.kyvrhi2.mongodb.net:27017, type=REPLICA_SET_PRIMARY, state=CONNECTED, ok=true, minWireVersion=0, maxWireVersion=17, maxDocumentSize=16777216, logicalSessionTimeoutMinutes=30, roundTripTimeNanos=491199500, setName='atlas-awoce2-shard-0', canonicalAddress=ac-tpepkot-shard-00-01.kyvrhi2.mongodb.net:27017, hosts=[ac-tpepkot-shard-00-02.kyvrhi2.mongodb.net:27017, ac-tpepkot-shard-00-00.kyvrhi2.mongodb.net:27017, ac-tpepkot-shard-00-01.kyvrhi2.mongodb.net:27017], passives=[], arbiters=[], primary='ac-tpepkot-shard-00-01.kyvrhi2.mongodb.net:27017', tagSet=TagSet{[Tag{name='nodeType', value='ELECTABLE'}, Tag{name='provider', value='AWS'}, Tag{name='region', value='US_EAST_1'}, Tag{name='workloadType', value='OPERATIONAL'}]}, electionId=7fffffff0000000000000090, setVersion=7, topologyVersion=TopologyVersion{processId=6479e1320d250c54d671bbf6, counter=6}, lastWriteDate=Tue Jun 06 18:16:40 EEST 2023, lastUpdateTimeNanos=12598290911200}
2023-06-06T18:16:40.565+03:00  INFO 11284 --- [ngodb.net:27017] org.mongodb.driver.cluster               : Monitor thread successfully connected to server with description ServerDescription{address=ac-tpepkot-shard-00-02.kyvrhi2.mongodb.net:27017, type=REPLICA_SET_SECONDARY, state=CONNECTED, ok=true, minWireVersion=0, maxWireVersion=17, maxDocumentSize=16777216, logicalSessionTimeoutMinutes=30, roundTripTimeNanos=479502600, setName='atlas-awoce2-shard-0', canonicalAddress=ac-tpepkot-shard-00-02.kyvrhi2.mongodb.net:27017, hosts=[ac-tpepkot-shard-00-02.kyvrhi2.mongodb.net:27017, ac-tpepkot-shard-00-00.kyvrhi2.mongodb.net:27017, ac-tpepkot-shard-00-01.kyvrhi2.mongodb.net:27017], passives=[], arbiters=[], primary='ac-tpepkot-shard-00-01.kyvrhi2.mongodb.net:27017', tagSet=TagSet{[Tag{name='nodeType', value='ELECTABLE'}, Tag{name='provider', value='AWS'}, Tag{name='region', value='US_EAST_1'}, Tag{name='workloadType', value='OPERATIONAL'}]}, electionId=null, setVersion=7, topologyVersion=TopologyVersion{processId=6479e22343b05e7ed40c835e, counter=3}, lastWriteDate=Tue Jun 06 18:16:40 EEST 2023, lastUpdateTimeNanos=12598290913700}
2023-06-06T18:16:40.566+03:00  INFO 11284 --- [ngodb.net:27017] org.mongodb.driver.cluster               : Monitor thread successfully connected to server with description ServerDescription{address=ac-tpepkot-shard-00-00.kyvrhi2.mongodb.net:27017, type=REPLICA_SET_SECONDARY, state=CONNECTED, ok=true, minWireVersion=0, maxWireVersion=17, maxDocumentSize=16777216, logicalSessionTimeoutMinutes=30, roundTripTimeNanos=511766300, setName='atlas-awoce2-shard-0', canonicalAddress=ac-tpepkot-shard-00-00.kyvrhi2.mongodb.net:27017, hosts=[ac-tpepkot-shard-00-02.kyvrhi2.mongodb.net:27017, ac-tpepkot-shard-00-00.kyvrhi2.mongodb.net:27017, ac-tpepkot-shard-00-01.kyvrhi2.mongodb.net:27017], passives=[], arbiters=[], primary='ac-tpepkot-shard-00-01.kyvrhi2.mongodb.net:27017', tagSet=TagSet{[Tag{name='nodeType', value='ELECTABLE'}, Tag{name='provider', value='AWS'}, Tag{name='region', value='US_EAST_1'}, Tag{name='workloadType', value='OPERATIONAL'}]}, electionId=null, setVersion=7, topologyVersion=TopologyVersion{processId=6479e031678b04e01f3deda5, counter=4}, lastWriteDate=Tue Jun 06 18:16:40 EEST 2023, lastUpdateTimeNanos=12598291159900}
2023-06-06T18:16:40.571+03:00  INFO 11284 --- [ngodb.net:27017] org.mongodb.driver.cluster               : Discovered replica set primary ac-tpepkot-shard-00-01.kyvrhi2.mongodb.net:27017 with max election id 7fffffff0000000000000090 and max set version 7
2023-06-06T18:16:40.831+03:00  INFO 11284 --- [ngodb.net:27017] org.mongodb.driver.cluster               : Monitor thread successfully connected to server with description ServerDescription{address=ac-tpepkot-shard-00-00.kyvrhi2.mongodb.net:27017, type=REPLICA_SET_SECONDARY, state=CONNECTED, ok=true, minWireVersion=0, maxWireVersion=17, maxDocumentSize=16777216, logicalSessionTimeoutMinutes=30, roundTripTimeNanos=252881400, setName='atlas-awoce2-shard-0', canonicalAddress=ac-tpepkot-shard-00-00.kyvrhi2.mongodb.net:27017, hosts=[ac-tpepkot-shard-00-02.kyvrhi2.mongodb.net:27017, ac-tpepkot-shard-00-00.kyvrhi2.mongodb.net:27017, ac-tpepkot-shard-00-01.kyvrhi2.mongodb.net:27017], passives=[], arbiters=[], primary='ac-tpepkot-shard-00-01.kyvrhi2.mongodb.net:27017', tagSet=TagSet{[Tag{name='nodeType', value='ELECTABLE'}, Tag{name='provider', value='AWS'}, Tag{name='region', value='US_EAST_1'}, Tag{name='workloadType', value='OPERATIONAL'}]}, electionId=null, setVersion=7, topologyVersion=TopologyVersion{processId=6479e031678b04e01f3deda5, counter=4}, lastWriteDate=Tue Jun 06 18:16:40 EEST 2023, lastUpdateTimeNanos=12598568726800}
2023-06-06T18:16:40.831+03:00  INFO 11284 --- [ngodb.net:27017] org.mongodb.driver.cluster               : Monitor thread successfully connected to server with description ServerDescription{address=ac-tpepkot-shard-00-02.kyvrhi2.mongodb.net:27017, type=REPLICA_SET_SECONDARY, state=CONNECTED, ok=true, minWireVersion=0, maxWireVersion=17, maxDocumentSize=16777216, logicalSessionTimeoutMinutes=30, roundTripTimeNanos=252794600, setName='atlas-awoce2-shard-0', canonicalAddress=ac-tpepkot-shard-00-02.kyvrhi2.mongodb.net:27017, hosts=[ac-tpepkot-shard-00-02.kyvrhi2.mongodb.net:27017, ac-tpepkot-shard-00-00.kyvrhi2.mongodb.net:27017, ac-tpepkot-shard-00-01.kyvrhi2.mongodb.net:27017], passives=[], arbiters=[], primary='ac-tpepkot-shard-00-01.kyvrhi2.mongodb.net:27017', tagSet=TagSet{[Tag{name='nodeType', value='ELECTABLE'}, Tag{name='provider', value='AWS'}, Tag{name='region', value='US_EAST_1'}, Tag{name='workloadType', value='OPERATIONAL'}]}, electionId=null, setVersion=7, topologyVersion=TopologyVersion{processId=6479e22343b05e7ed40c835e, counter=3}, lastWriteDate=Tue Jun 06 18:16:40 EEST 2023, lastUpdateTimeNanos=12598568758300}
2023-06-06T18:16:40.872+03:00  INFO 11284 --- [ngodb.net:27017] org.mongodb.driver.cluster               : Monitor thread successfully connected to server with description ServerDescription{address=ac-tpepkot-shard-00-01.kyvrhi2.mongodb.net:27017, type=REPLICA_SET_PRIMARY, state=CONNECTED, ok=true, minWireVersion=0, maxWireVersion=17, maxDocumentSize=16777216, logicalSessionTimeoutMinutes=30, roundTripTimeNanos=293193900, setName='atlas-awoce2-shard-0', canonicalAddress=ac-tpepkot-shard-00-01.kyvrhi2.mongodb.net:27017, hosts=[ac-tpepkot-shard-00-02.kyvrhi2.mongodb.net:27017, ac-tpepkot-shard-00-00.kyvrhi2.mongodb.net:27017, ac-tpepkot-shard-00-01.kyvrhi2.mongodb.net:27017], passives=[], arbiters=[], primary='ac-tpepkot-shard-00-01.kyvrhi2.mongodb.net:27017', tagSet=TagSet{[Tag{name='nodeType', value='ELECTABLE'}, Tag{name='provider', value='AWS'}, Tag{name='region', value='US_EAST_1'}, Tag{name='workloadType', value='OPERATIONAL'}]}, electionId=7fffffff0000000000000090, setVersion=7, topologyVersion=TopologyVersion{processId=6479e1320d250c54d671bbf6, counter=6}, lastWriteDate=Tue Jun 06 18:16:40 EEST 2023, lastUpdateTimeNanos=12598609199900}
2023-06-06T18:16:40.872+03:00  INFO 11284 --- [ngodb.net:27017] org.mongodb.driver.cluster               : Discovered replica set primary ac-tpepkot-shard-00-01.kyvrhi2.mongodb.net:27017 with max election id 7fffffff0000000000000090 and max set version 7
]]></system-out>
  </testcase>
</testsuite>